<?xml version="1.0" encoding="UTF-8"?>
<testng-results skipped="0" failed="0" ignored="0" total="1" passed="1">
  <reporter-output>
  </reporter-output>
  <suite name="Default suite" duration-ms="38122" started-at="2021-04-07T18:23:31 BDT" finished-at="2021-04-07T18:24:09 BDT">
    <groups>
    </groups>
    <test name="Default test" duration-ms="38122" started-at="2021-04-07T18:23:31 BDT" finished-at="2021-04-07T18:24:09 BDT">
      <class name="testCases.LoginApp">
        <test-method status="PASS" signature="login()[pri:0, instance:testCases.LoginApp@5ae63ade]" name="login" duration-ms="38055" started-at="2021-04-07T18:23:31 BDT" finished-at="2021-04-07T18:24:09 BDT">
          <reporter-output>
          </reporter-output>
        </test-method> <!-- login -->
      </class> <!-- testCases.LoginApp -->
    </test> <!-- Default test -->
  </suite> <!-- Default suite -->
</testng-results>
